0 info it worked if it ends with ok
1 verbose cli [ 'D:\\work\\nfv-orchestration\\temp\\node\\node.exe',
1 verbose cli   'D:\\work\\nfv-orchestration\\temp\\node\\node_modules\\npm\\bin\\npm-cli.js',
1 verbose cli   'run',
1 verbose cli   'build' ]
2 info using npm@3.9.5
3 info using node@v6.3.1
4 verbose run-script [ 'prebuild', 'build', 'postbuild' ]
5 info lifecycle nfv-with-cli@0.0.0~prebuild: nfv-with-cli@0.0.0
6 silly lifecycle nfv-with-cli@0.0.0~prebuild: no script for prebuild, continuing
7 info lifecycle nfv-with-cli@0.0.0~build: nfv-with-cli@0.0.0
8 verbose lifecycle nfv-with-cli@0.0.0~build: unsafe-perm in lifecycle true
9 verbose lifecycle nfv-with-cli@0.0.0~build: PATH: D:\work\nfv-orchestration\temp\node\node_modules\npm\bin\node-gyp-bin;D:\work\nfv-orchestration\angular\node_modules\.bin;D:\work\nfv-orchestration\temp\node;D:\work\nfv-orchestration\temp\node;C:/Program Files/Java/jre1.8.0_101/bin/server;C:/Program Files/Java/jre1.8.0_101/bin;C:/Program Files/Java/jre1.8.0_101/lib/amd64;C:\oraclexe\app\oracle\product\11.2.0\server\bin;;C:\oraclexe\app\oracle\product\11.2.0\server\bin;C:\ProgramData\Oracle\Java\javapath;C:\WINDOWS\system32;C:\WINDOWS;C:\WINDOWS\System32\Wbem;C:\WINDOWS\System32\WindowsPowerShell\v1.0\;C:\Program Files (x86)\Intel\OpenCL SDK\2.0\bin\x86;C:\Program Files (x86)\Intel\OpenCL SDK\2.0\bin\x64;C:\Program Files (x86)\Intel\OpenCL SDK\2.0\bin\x86;C:\Program Files (x86)\Intel\OpenCL SDK\2.0\bin\x64;C:\Users\rose.jose\AppData\Roaming\npm\node_modules\angular-cli\bin;C:\Program Files (x86)\Skype\Phone\;C:\Program Files\Java\jdk1.8.0_101\bin;C:\Program Files\Java\jre1.8.0_101\bin;D:\Softwares\Maven\apache-maven-3.5.0\bin;D:\Softwares\Maven\apache-maven-3.5.0\bin;D:\Softwares\Eclipse IDE\eclipse;;
10 verbose lifecycle nfv-with-cli@0.0.0~build: CWD: D:\work\nfv-orchestration\angular
11 silly lifecycle nfv-with-cli@0.0.0~build: Args: [ '/d /s /c', 'ng build --prod' ]
12 silly lifecycle nfv-with-cli@0.0.0~build: Returned: code: 1  signal: null
13 info lifecycle nfv-with-cli@0.0.0~build: Failed to exec build script
14 verbose stack Error: nfv-with-cli@0.0.0 build: `ng build --prod`
14 verbose stack Exit status 1
14 verbose stack     at EventEmitter.<anonymous> (D:\work\nfv-orchestration\temp\node\node_modules\npm\lib\utils\lifecycle.js:245:16)
14 verbose stack     at emitTwo (events.js:106:13)
14 verbose stack     at EventEmitter.emit (events.js:191:7)
14 verbose stack     at ChildProcess.<anonymous> (D:\work\nfv-orchestration\temp\node\node_modules\npm\lib\utils\spawn.js:24:14)
14 verbose stack     at emitTwo (events.js:106:13)
14 verbose stack     at ChildProcess.emit (events.js:191:7)
14 verbose stack     at maybeClose (internal/child_process.js:852:16)
14 verbose stack     at Process.ChildProcess._handle.onexit (internal/child_process.js:215:5)
15 verbose pkgid nfv-with-cli@0.0.0
16 verbose cwd D:\work\nfv-orchestration\angular
17 error Windows_NT 10.0.10586
18 error argv "D:\\work\\nfv-orchestration\\temp\\node\\node.exe" "D:\\work\\nfv-orchestration\\temp\\node\\node_modules\\npm\\bin\\npm-cli.js" "run" "build"
19 error node v6.3.1
20 error npm  v3.9.5
21 error code ELIFECYCLE
22 error nfv-with-cli@0.0.0 build: `ng build --prod`
22 error Exit status 1
23 error Failed at the nfv-with-cli@0.0.0 build script 'ng build --prod'.
23 error Make sure you have the latest version of node.js and npm installed.
23 error If you do, this is most likely a problem with the nfv-with-cli package,
23 error not with npm itself.
23 error Tell the author that this fails on your system:
23 error     ng build --prod
23 error You can get information on how to open an issue for this project with:
23 error     npm bugs nfv-with-cli
23 error Or if that isn't available, you can get their info via:
23 error     npm owner ls nfv-with-cli
23 error There is likely additional logging output above.
24 verbose exit [ 1, true ]
